time: Tue Oct 27 2020 22:14:11 GMT+0300 (GMT+03:00)
url: http://localhost:4000/users
query: {}
body: {}

time: Tue Oct 27 2020 22:14:21 GMT+0300 (GMT+03:00)
url: http://localhost:4000/users
query: {}
body: {
  "name": "TEST_USER",
  "login": "test_user",
  "password": "T35t_P@55w0rd"
}

time: Tue Oct 27 2020 22:14:21 GMT+0300 (GMT+03:00)
url: http://localhost:4000/users
query: {}
body: {
  "name": "TEST_USER",
  "login": "test_user",
  "password": "T35t_P@55w0rd"
}

time: Tue Oct 27 2020 22:14:21 GMT+0300 (GMT+03:00)
url: http://localhost:4000/users
query: {}
body: {
  "name": "TEST_USER",
  "login": "test_user",
  "password": "T35t_P@55w0rd"
}

time: Tue Oct 27 2020 22:14:22 GMT+0300 (GMT+03:00)
url: http://localhost:4000/users/undefined
query: {}
body: {
  "name": "Autotest updated TEST_USER",
  "login": "test_user",
  "password": "T35t_P@55w0rd"
}

time: Tue Oct 27 2020 22:14:22 GMT+0300 (GMT+03:00)
url: http://localhost:4000/users/undefined
query: {}
body: {}

time: Tue Oct 27 2020 22:14:22 GMT+0300 (GMT+03:00)
url: http://localhost:4000/users
query: {}
body: {
  "name": "TEST_USER",
  "login": "test_user",
  "password": "T35t_P@55w0rd"
}

time: Tue Oct 27 2020 22:14:22 GMT+0300 (GMT+03:00)
url: http://localhost:4000/users/undefined
query: {}
body: {}

time: Tue Oct 27 2020 22:14:22 GMT+0300 (GMT+03:00)
url: http://localhost:4000/users
query: {}
body: {
  "name": "TEST_USER",
  "login": "test_user",
  "password": "T35t_P@55w0rd"
}

time: Tue Oct 27 2020 22:14:23 GMT+0300 (GMT+03:00)
url: http://localhost:4000/boards
query: {}
body: {
  "title": "Autotest board",
  "columns": [
    {
      "title": "Backlog",
      "order": 1
    },
    {
      "title": "Sprint",
      "order": 2
    }
  ]
}

time: Tue Oct 27 2020 22:14:23 GMT+0300 (GMT+03:00)
url: http://localhost:4000/boards/c8c8656a-dc05-4829-8c6e-0a92f47882b2/tasks
query: {}
body: {
  "title": "Task #1",
  "order": 1,
  "description": "Lorem ipsum",
  "boardId": "c8c8656a-dc05-4829-8c6e-0a92f47882b2"
}

time: Tue Oct 27 2020 22:14:23 GMT+0300 (GMT+03:00)
url: http://localhost:4000/boards/c8c8656a-dc05-4829-8c6e-0a92f47882b2/tasks
query: {}
body: {
  "title": "Task #2",
  "order": 2,
  "description": "Lorem ipsum",
  "boardId": "c8c8656a-dc05-4829-8c6e-0a92f47882b2"
}

time: Tue Oct 27 2020 22:14:23 GMT+0300 (GMT+03:00)
url: http://localhost:4000/users/undefined
query: {}
body: {}

time: Tue Oct 27 2020 22:14:23 GMT+0300 (GMT+03:00)
url: http://localhost:4000/boards/c8c8656a-dc05-4829-8c6e-0a92f47882b2/tasks/ff743c1d-6fa9-434f-8e67-a7359d891f20
query: {}
body: {}

